<?xml version="1.0" encoding="UTF-8"?>
<testsuite name="chaewonan.springbootdeveloper.config.jwt.TokenProviderTest" tests="5" skipped="0" failures="0" errors="0" timestamp="2025-12-14T22:21:57" hostname="anchaewon-ui-MacBookAir.local" time="0.073">
  <properties/>
  <testcase name="validToken(): 유효한 토큰인 경우에 유효성 검증에 성공한다." classname="chaewonan.springbootdeveloper.config.jwt.TokenProviderTest" time="0.035"/>
  <testcase name="validToken(): 만료된 토큰인 경우에 유효성 검증에 실패한다." classname="chaewonan.springbootdeveloper.config.jwt.TokenProviderTest" time="0.006"/>
  <testcase name="getAuthentication(): 토큰 기반으로 인증정보를 가져올 수 있다." classname="chaewonan.springbootdeveloper.config.jwt.TokenProviderTest" time="0.009"/>
  <testcase name="getUserId(): 토큰으로 유저 ID를 가져올 수 있다." classname="chaewonan.springbootdeveloper.config.jwt.TokenProviderTest" time="0.007"/>
  <testcase name="generateToken(): 유저 정보와 만료 기간을 전달해 토큰을 만들 수 있다." classname="chaewonan.springbootdeveloper.config.jwt.TokenProviderTest" time="0.01"/>
  <system-out><![CDATA[2025-12-15T07:21:56.736+09:00  INFO 88603 --- [    Test worker] t.c.s.AnnotationConfigContextLoaderUtils : Could not detect default configuration classes for test class [chaewonan.springbootdeveloper.config.jwt.TokenProviderTest]: TokenProviderTest does not declare any static, non-private, non-final, nested classes annotated with @Configuration.
2025-12-15T07:21:56.750+09:00  INFO 88603 --- [    Test worker] .b.t.c.SpringBootTestContextBootstrapper : Found @SpringBootConfiguration chaewonan.springbootdeveloper.SpringBootDeveloperApplication for test class chaewonan.springbootdeveloper.config.jwt.TokenProviderTest

  .   ____          _            __ _ _
 /\\ / ___'_ __ _ _(_)_ __  __ _ \ \ \ \
( ( )\___ | '_ | '_| | '_ \/ _` | \ \ \ \
 \\/  ___)| |_)| | | | | || (_| |  ) ) ) )
  '  |____| .__|_| |_|_| |_\__, | / / / /
 =========|_|==============|___/=/_/_/_/
 :: Spring Boot ::                (v3.0.2)

2025-12-15T07:21:56.781+09:00  INFO 88603 --- [    Test worker] c.s.config.jwt.TokenProviderTest         : Starting TokenProviderTest using Java 17.0.16 with PID 88603 (started by anchaewon in /Users/anchaewon/Desktop/untitled/springboot/25-2-Spring-Toy-Project)
2025-12-15T07:21:56.781+09:00  INFO 88603 --- [    Test worker] c.s.config.jwt.TokenProviderTest         : No active profile set, falling back to 1 default profile: "default"
2025-12-15T07:21:56.943+09:00  INFO 88603 --- [    Test worker] .s.d.r.c.RepositoryConfigurationDelegate : Bootstrapping Spring Data JPA repositories in DEFAULT mode.
2025-12-15T07:21:56.963+09:00  INFO 88603 --- [    Test worker] .s.d.r.c.RepositoryConfigurationDelegate : Finished Spring Data repository scanning in 19 ms. Found 5 JPA repository interfaces.
2025-12-15T07:21:57.100+09:00  INFO 88603 --- [    Test worker] com.zaxxer.hikari.HikariDataSource       : HikariPool-2 - Starting...
2025-12-15T07:21:57.101+09:00  INFO 88603 --- [    Test worker] com.zaxxer.hikari.pool.HikariPool        : HikariPool-2 - Added connection conn10: url=jdbc:h2:mem:testdb user=SA
2025-12-15T07:21:57.101+09:00  INFO 88603 --- [    Test worker] com.zaxxer.hikari.HikariDataSource       : HikariPool-2 - Start completed.
2025-12-15T07:21:57.103+09:00  INFO 88603 --- [    Test worker] o.hibernate.jpa.internal.util.LogHelper  : HHH000204: Processing PersistenceUnitInfo [name: default]
2025-12-15T07:21:57.105+09:00  WARN 88603 --- [    Test worker] org.hibernate.orm.deprecation            : HHH90000021: Encountered deprecated setting [javax.persistence.sharedCache.mode], use [jakarta.persistence.sharedCache.mode] instead
2025-12-15T07:21:57.108+09:00  INFO 88603 --- [    Test worker] SQL dialect                              : HHH000400: Using dialect: org.hibernate.dialect.H2Dialect
Hibernate: 
    
    drop table if exists article cascade 
Hibernate: 
    
    drop table if exists article_image cascade 
Hibernate: 
    
    drop table if exists likes cascade 
Hibernate: 
    
    drop table if exists refresh_token cascade 
Hibernate: 
    
    drop table if exists users cascade 
Hibernate: 
    
    create table article (
       id bigint generated by default as identity,
        author varchar(255),
        content TEXT,
        created_at timestamp(6),
        title varchar(255),
        primary key (id)
    )
Hibernate: 
    
    create table article_image (
       id bigint generated by default as identity,
        image_url varchar(255),
        article_id bigint,
        primary key (id)
    )
Hibernate: 
    
    create table likes (
       id bigint generated by default as identity,
        created_at timestamp(6),
        post_id bigint not null,
        user_id bigint not null,
        primary key (id)
    )
Hibernate: 
    
    create table refresh_token (
       id bigint generated by default as identity,
        refresh_token varchar(255) not null,
        user_id bigint not null,
        primary key (id)
    )
Hibernate: 
    
    create table users (
       id bigint generated by default as identity,
        email varchar(255) not null,
        nickname varchar(255),
        password varchar(255),
        primary key (id)
    )
Hibernate: 
    
    alter table if exists likes 
       add constraint likes_uk unique (post_id, user_id)
Hibernate: 
    
    alter table if exists refresh_token 
       add constraint UK_f95ixxe7pa48ryn1awmh2evt7 unique (user_id)
Hibernate: 
    
    alter table if exists users 
       add constraint UK_6dotkott2kjsp8vw4d0m25fb7 unique (email)
Hibernate: 
    
    alter table if exists users 
       add constraint UK_2ty1xmrrgtn89xt7kyxx6ta7h unique (nickname)
Hibernate: 
    
    alter table if exists article_image 
       add constraint FKt3rm1gwoysmll8kpy7lt1vpwc 
       foreign key (article_id) 
       references article
Hibernate: 
    
    alter table if exists likes 
       add constraint FKh20fbxqv0gf8tmx8xwf0bg1ru 
       foreign key (post_id) 
       references article
Hibernate: 
    
    alter table if exists likes 
       add constraint FKnvx9seeqqyy71bij291pwiwrg 
       foreign key (user_id) 
       references users
2025-12-15T07:21:57.189+09:00  INFO 88603 --- [    Test worker] o.h.e.t.j.p.i.JtaPlatformInitiator       : HHH000490: Using JtaPlatform implementation: [org.hibernate.engine.transaction.jta.platform.internal.NoJtaPlatform]
2025-12-15T07:21:57.190+09:00  INFO 88603 --- [    Test worker] j.LocalContainerEntityManagerFactoryBean : Initialized JPA EntityManagerFactory for persistence unit 'default'
2025-12-15T07:21:57.395+09:00  WARN 88603 --- [    Test worker] JpaBaseConfiguration$JpaWebConfiguration : spring.jpa.open-in-view is enabled by default. Therefore, database queries may be performed during view rendering. Explicitly configure spring.jpa.open-in-view to disable this warning
2025-12-15T07:21:57.428+09:00  INFO 88603 --- [    Test worker] o.s.s.web.DefaultSecurityFilterChain     : Will secure any request with [org.springframework.security.web.session.DisableEncodeUrlFilter@708378cc, org.springframework.security.web.context.request.async.WebAsyncManagerIntegrationFilter@17eb35fa, org.springframework.security.web.context.SecurityContextHolderFilter@75a0e0c2, org.springframework.security.web.header.HeaderWriterFilter@788be73c, org.springframework.security.oauth2.client.web.OAuth2AuthorizationRequestRedirectFilter@519b726a, org.springframework.security.oauth2.client.web.OAuth2LoginAuthenticationFilter@34272839, chaewonan.springbootdeveloper.config.jwt.TokenAuthenticationFilter@17478cec, org.springframework.security.web.savedrequest.RequestCacheAwareFilter@4190b111, org.springframework.security.web.servletapi.SecurityContextHolderAwareRequestFilter@66851c18, org.springframework.security.web.authentication.AnonymousAuthenticationFilter@1d691d4f, org.springframework.security.web.session.SessionManagementFilter@65018381, org.springframework.security.web.access.ExceptionTranslationFilter@7d593bbc, org.springframework.security.web.access.intercept.FilterSecurityInterceptor@27e80cfa]
2025-12-15T07:21:57.533+09:00  INFO 88603 --- [    Test worker] o.s.b.a.h2.H2ConsoleAutoConfiguration    : H2 console available at '/h2-console'. Database available at 'jdbc:h2:mem:testdb'
2025-12-15T07:21:57.548+09:00  WARN 88603 --- [    Test worker] o.s.s.c.a.web.builders.WebSecurity       : You are asking Spring Security to ignore org.springframework.boot.autoconfigure.security.servlet.PathRequest$H2ConsoleRequestMatcher@30c96ea9. This is not recommended -- please use permitAll via HttpSecurity#authorizeHttpRequests instead.
2025-12-15T07:21:57.548+09:00  INFO 88603 --- [    Test worker] o.s.s.web.DefaultSecurityFilterChain     : Will not secure org.springframework.boot.autoconfigure.security.servlet.PathRequest$H2ConsoleRequestMatcher@30c96ea9
2025-12-15T07:21:57.548+09:00  WARN 88603 --- [    Test worker] o.s.s.c.a.web.builders.WebSecurity       : You are asking Spring Security to ignore Ant [pattern='/img/**']. This is not recommended -- please use permitAll via HttpSecurity#authorizeHttpRequests instead.
2025-12-15T07:21:57.548+09:00  INFO 88603 --- [    Test worker] o.s.s.web.DefaultSecurityFilterChain     : Will not secure Ant [pattern='/img/**']
2025-12-15T07:21:57.548+09:00  WARN 88603 --- [    Test worker] o.s.s.c.a.web.builders.WebSecurity       : You are asking Spring Security to ignore Ant [pattern='/css/**']. This is not recommended -- please use permitAll via HttpSecurity#authorizeHttpRequests instead.
2025-12-15T07:21:57.548+09:00  INFO 88603 --- [    Test worker] o.s.s.web.DefaultSecurityFilterChain     : Will not secure Ant [pattern='/css/**']
2025-12-15T07:21:57.548+09:00  WARN 88603 --- [    Test worker] o.s.s.c.a.web.builders.WebSecurity       : You are asking Spring Security to ignore Ant [pattern='/js/**']. This is not recommended -- please use permitAll via HttpSecurity#authorizeHttpRequests instead.
2025-12-15T07:21:57.548+09:00  INFO 88603 --- [    Test worker] o.s.s.web.DefaultSecurityFilterChain     : Will not secure Ant [pattern='/js/**']
2025-12-15T07:21:57.562+09:00  INFO 88603 --- [    Test worker] c.s.config.jwt.TokenProviderTest         : Started TokenProviderTest in 0.807 seconds (process running for 5.388)
Hibernate: 
    insert 
    into
        users
        (id, email, nickname, password) 
    values
        (default, ?, ?, ?)
]]></system-out>
  <system-err><![CDATA[]]></system-err>
</testsuite>
