<?xml version="1.0" encoding="UTF-8"?>
<testsuite name="chaewonan.springbootdeveloper.controller.BlogApiControllerTest" tests="7" skipped="0" failures="0" errors="0" timestamp="2025-11-26T09:28:54" hostname="DESKTOP-OEOSJ74" time="1.249">
  <properties/>
  <testcase name="deleteArticle: 블로그 글 삭제에 성공한다." classname="chaewonan.springbootdeveloper.controller.BlogApiControllerTest" time="0.655"/>
  <testcase name="findArticle: 블로그 글 단건 조회에 성공한다." classname="chaewonan.springbootdeveloper.controller.BlogApiControllerTest" time="0.117"/>
  <testcase name="findAllArticles: 블로그 글 목록 조회에 성공한다." classname="chaewonan.springbootdeveloper.controller.BlogApiControllerTest" time="0.042"/>
  <testcase name="likeArticle: 좋아요 추가에 성공한다." classname="chaewonan.springbootdeveloper.controller.BlogApiControllerTest" time="0.127"/>
  <testcase name="addArticle: 블로그 글 추가에 성공한다." classname="chaewonan.springbootdeveloper.controller.BlogApiControllerTest" time="0.204"/>
  <testcase name="updateArticle: 블로그 글 수정에 성공한다." classname="chaewonan.springbootdeveloper.controller.BlogApiControllerTest" time="0.047"/>
  <testcase name="unlikeArticle: 좋아요 취소에 성공한다." classname="chaewonan.springbootdeveloper.controller.BlogApiControllerTest" time="0.04"/>
  <system-out><![CDATA[18:28:47.543 [Test worker] DEBUG org.springframework.boot.test.context.SpringBootTestContextBootstrapper - Neither @ContextConfiguration nor @ContextHierarchy found for test class [BlogApiControllerTest]: using SpringBootContextLoader
18:28:47.551 [Test worker] DEBUG org.springframework.test.context.support.AbstractContextLoader - Could not detect default resource locations for test class [chaewonan.springbootdeveloper.controller.BlogApiControllerTest]: no resource found for suffixes {-context.xml, Context.groovy}.
18:28:47.552 [Test worker] INFO org.springframework.test.context.support.AnnotationConfigContextLoaderUtils - Could not detect default configuration classes for test class [chaewonan.springbootdeveloper.controller.BlogApiControllerTest]: BlogApiControllerTest does not declare any static, non-private, non-final, nested classes annotated with @Configuration.
18:28:47.618 [Test worker] DEBUG org.springframework.boot.test.context.SpringBootTestContextBootstrapper - Using ContextCustomizers for test class [BlogApiControllerTest]: [DisableObservabilityContextCustomizer, PropertyMappingContextCustomizer, Customizer, ImportsContextCustomizer, ExcludeFilterContextCustomizer, DuplicateJsonObjectContextCustomizer, MockitoContextCustomizer, TestRestTemplateContextCustomizer]
18:28:47.753 [Test worker] DEBUG org.springframework.context.annotation.ClassPathScanningCandidateComponentProvider - Identified candidate component class: file [C:\25-2 GDG Project\25-2-Spring-Toy-Project\build\classes\java\main\chaewonan\springbootdeveloper\SpringBootDeveloperApplication.class]
18:28:47.756 [Test worker] INFO org.springframework.boot.test.context.SpringBootTestContextBootstrapper - Found @SpringBootConfiguration chaewonan.springbootdeveloper.SpringBootDeveloperApplication for test class chaewonan.springbootdeveloper.controller.BlogApiControllerTest
18:28:47.895 [Test worker] DEBUG org.springframework.boot.test.context.SpringBootTestContextBootstrapper - Using TestExecutionListeners for test class [BlogApiControllerTest]: [ServletTestExecutionListener, DirtiesContextBeforeModesTestExecutionListener, ApplicationEventsTestExecutionListener, MockitoTestExecutionListener, DependencyInjectionTestExecutionListener, DirtiesContextTestExecutionListener, TransactionalTestExecutionListener, SqlScriptsTestExecutionListener, WithSecurityContextTestExecutionListener, EventPublishingTestExecutionListener, ReactorContextTestExecutionListener, RestDocsTestExecutionListener, MockRestServiceServerResetTestExecutionListener, MockMvcPrintOnlyOnFailureTestExecutionListener, WebDriverTestExecutionListener, MockWebServiceServerTestExecutionListener, ResetMocksTestExecutionListener]
18:28:47.897 [Test worker] DEBUG org.springframework.test.context.support.AbstractDirtiesContextTestExecutionListener - Before test class: class [BlogApiControllerTest], class annotated with @DirtiesContext [false] with mode [null]

  .   ____          _            __ _ _
 /\\ / ___'_ __ _ _(_)_ __  __ _ \ \ \ \
( ( )\___ | '_ | '_| | '_ \/ _` | \ \ \ \
 \\/  ___)| |_)| | | | | || (_| |  ) ) ) )
  '  |____| .__|_| |_|_| |_\__, | / / / /
 =========|_|==============|___/=/_/_/_/
 :: Spring Boot ::                (v3.0.2)

2025-11-26T18:28:48.248+09:00  INFO 7024 --- [    Test worker] c.s.controller.BlogApiControllerTest     : Starting BlogApiControllerTest using Java 17.0.17 with PID 7024 (started by ichae in C:\25-2 GDG Project\25-2-Spring-Toy-Project)
2025-11-26T18:28:48.253+09:00  INFO 7024 --- [    Test worker] c.s.controller.BlogApiControllerTest     : No active profile set, falling back to 1 default profile: "default"
2025-11-26T18:28:49.139+09:00  INFO 7024 --- [    Test worker] .s.d.r.c.RepositoryConfigurationDelegate : Bootstrapping Spring Data JPA repositories in DEFAULT mode.
2025-11-26T18:28:49.225+09:00  INFO 7024 --- [    Test worker] .s.d.r.c.RepositoryConfigurationDelegate : Finished Spring Data repository scanning in 72 ms. Found 4 JPA repository interfaces.
2025-11-26T18:28:49.934+09:00  INFO 7024 --- [    Test worker] com.zaxxer.hikari.HikariDataSource       : HikariPool-1 - Starting...
2025-11-26T18:28:50.185+09:00  INFO 7024 --- [    Test worker] com.zaxxer.hikari.pool.HikariPool        : HikariPool-1 - Added connection conn0: url=jdbc:h2:mem:378f80fe-3514-4b97-a33f-ecc4654818ef user=SA
2025-11-26T18:28:50.188+09:00  INFO 7024 --- [    Test worker] com.zaxxer.hikari.HikariDataSource       : HikariPool-1 - Start completed.
2025-11-26T18:28:50.311+09:00  INFO 7024 --- [    Test worker] o.hibernate.jpa.internal.util.LogHelper  : HHH000204: Processing PersistenceUnitInfo [name: default]
2025-11-26T18:28:50.486+09:00  INFO 7024 --- [    Test worker] org.hibernate.Version                    : HHH000412: Hibernate ORM core version 6.1.6.Final
2025-11-26T18:28:50.747+09:00  WARN 7024 --- [    Test worker] org.hibernate.orm.deprecation            : HHH90000021: Encountered deprecated setting [javax.persistence.sharedCache.mode], use [jakarta.persistence.sharedCache.mode] instead
2025-11-26T18:28:50.988+09:00  INFO 7024 --- [    Test worker] SQL dialect                              : HHH000400: Using dialect: org.hibernate.dialect.H2Dialect
2025-11-26T18:28:52.275+09:00  INFO 7024 --- [    Test worker] o.h.e.t.j.p.i.JtaPlatformInitiator       : HHH000490: Using JtaPlatform implementation: [org.hibernate.engine.transaction.jta.platform.internal.NoJtaPlatform]
2025-11-26T18:28:52.295+09:00  INFO 7024 --- [    Test worker] j.LocalContainerEntityManagerFactoryBean : Initialized JPA EntityManagerFactory for persistence unit 'default'
2025-11-26T18:28:53.515+09:00  WARN 7024 --- [    Test worker] JpaBaseConfiguration$JpaWebConfiguration : spring.jpa.open-in-view is enabled by default. Therefore, database queries may be performed during view rendering. Explicitly configure spring.jpa.open-in-view to disable this warning
2025-11-26T18:28:54.458+09:00  INFO 7024 --- [    Test worker] o.s.s.web.DefaultSecurityFilterChain     : Will secure any request with [org.springframework.security.web.session.DisableEncodeUrlFilter@1e084a26, org.springframework.security.web.context.request.async.WebAsyncManagerIntegrationFilter@31c31fa6, org.springframework.security.web.context.SecurityContextHolderFilter@476dc0af, org.springframework.security.web.header.HeaderWriterFilter@4d0e6424, org.springframework.security.web.csrf.CsrfFilter@174aabb2, org.springframework.security.web.authentication.logout.LogoutFilter@7164e54, org.springframework.security.web.authentication.UsernamePasswordAuthenticationFilter@715d82a0, org.springframework.security.web.authentication.ui.DefaultLoginPageGeneratingFilter@5d94c50e, org.springframework.security.web.authentication.ui.DefaultLogoutPageGeneratingFilter@70ebaa1e, org.springframework.security.web.authentication.www.BasicAuthenticationFilter@1237aa73, org.springframework.security.web.savedrequest.RequestCacheAwareFilter@570ede3b, org.springframework.security.web.servletapi.SecurityContextHolderAwareRequestFilter@18c432ed, org.springframework.security.web.authentication.AnonymousAuthenticationFilter@3d5e3f58, org.springframework.security.web.access.ExceptionTranslationFilter@5c8d685e, org.springframework.security.web.access.intercept.AuthorizationFilter@5f5fb335]
2025-11-26T18:28:54.542+09:00  INFO 7024 --- [    Test worker] o.s.b.t.m.w.SpringBootMockServletContext : Initializing Spring TestDispatcherServlet ''
2025-11-26T18:28:54.543+09:00  INFO 7024 --- [    Test worker] o.s.t.web.servlet.TestDispatcherServlet  : Initializing Servlet ''
2025-11-26T18:28:54.544+09:00  INFO 7024 --- [    Test worker] o.s.t.web.servlet.TestDispatcherServlet  : Completed initialization in 1 ms
2025-11-26T18:28:54.591+09:00  INFO 7024 --- [    Test worker] c.s.controller.BlogApiControllerTest     : Started BlogApiControllerTest in 6.632 seconds (process running for 8.522)
2025-11-26T18:28:54.834+09:00  INFO 7024 --- [    Test worker] o.s.b.t.m.w.SpringBootMockServletContext : Initializing Spring TestDispatcherServlet ''
2025-11-26T18:28:54.835+09:00  INFO 7024 --- [    Test worker] o.s.t.web.servlet.TestDispatcherServlet  : Initializing Servlet ''
2025-11-26T18:28:54.835+09:00  INFO 7024 --- [    Test worker] o.s.t.web.servlet.TestDispatcherServlet  : Completed initialization in 0 ms
2025-11-26T18:28:55.277+09:00  INFO 7024 --- [    Test worker] o.s.b.t.m.w.SpringBootMockServletContext : Initializing Spring TestDispatcherServlet ''
2025-11-26T18:28:55.277+09:00  INFO 7024 --- [    Test worker] o.s.t.web.servlet.TestDispatcherServlet  : Initializing Servlet ''
2025-11-26T18:28:55.280+09:00  INFO 7024 --- [    Test worker] o.s.t.web.servlet.TestDispatcherServlet  : Completed initialization in 2 ms
2025-11-26T18:28:55.397+09:00  INFO 7024 --- [    Test worker] o.s.b.t.m.w.SpringBootMockServletContext : Initializing Spring TestDispatcherServlet ''
2025-11-26T18:28:55.398+09:00  INFO 7024 --- [    Test worker] o.s.t.web.servlet.TestDispatcherServlet  : Initializing Servlet ''
2025-11-26T18:28:55.399+09:00  INFO 7024 --- [    Test worker] o.s.t.web.servlet.TestDispatcherServlet  : Completed initialization in 0 ms
2025-11-26T18:28:55.440+09:00  INFO 7024 --- [    Test worker] o.s.b.t.m.w.SpringBootMockServletContext : Initializing Spring TestDispatcherServlet ''
2025-11-26T18:28:55.441+09:00  INFO 7024 --- [    Test worker] o.s.t.web.servlet.TestDispatcherServlet  : Initializing Servlet ''
2025-11-26T18:28:55.444+09:00  INFO 7024 --- [    Test worker] o.s.t.web.servlet.TestDispatcherServlet  : Completed initialization in 3 ms
2025-11-26T18:28:55.573+09:00  INFO 7024 --- [    Test worker] o.s.b.t.m.w.SpringBootMockServletContext : Initializing Spring TestDispatcherServlet ''
2025-11-26T18:28:55.573+09:00  INFO 7024 --- [    Test worker] o.s.t.web.servlet.TestDispatcherServlet  : Initializing Servlet ''
2025-11-26T18:28:55.574+09:00  INFO 7024 --- [    Test worker] o.s.t.web.servlet.TestDispatcherServlet  : Completed initialization in 1 ms
2025-11-26T18:28:55.779+09:00  INFO 7024 --- [    Test worker] o.s.b.t.m.w.SpringBootMockServletContext : Initializing Spring TestDispatcherServlet ''
2025-11-26T18:28:55.779+09:00  INFO 7024 --- [    Test worker] o.s.t.web.servlet.TestDispatcherServlet  : Initializing Servlet ''
2025-11-26T18:28:55.781+09:00  INFO 7024 --- [    Test worker] o.s.t.web.servlet.TestDispatcherServlet  : Completed initialization in 0 ms
2025-11-26T18:28:55.828+09:00  INFO 7024 --- [    Test worker] o.s.b.t.m.w.SpringBootMockServletContext : Initializing Spring TestDispatcherServlet ''
2025-11-26T18:28:55.829+09:00  INFO 7024 --- [    Test worker] o.s.t.web.servlet.TestDispatcherServlet  : Initializing Servlet ''
2025-11-26T18:28:55.831+09:00  INFO 7024 --- [    Test worker] o.s.t.web.servlet.TestDispatcherServlet  : Completed initialization in 2 ms
]]></system-out>
  <system-err><![CDATA[]]></system-err>
</testsuite>
